<?xml version="1.0" encoding="UTF-8"?>
<testsuite name="com.agualis.refactoring.duplicatedcode.TestConsolidateConditional" tests="4" skipped="0" failures="0" errors="0" timestamp="2016-11-25T21:55:26" hostname="MacBook-Air-de-Cristina.local" time="0.003">
  <properties/>
  <testcase name="test" classname="com.agualis.refactoring.duplicatedcode.TestConsolidateConditional" time="0.001"/>
  <testcase name="testSeniorityCondition" classname="com.agualis.refactoring.duplicatedcode.TestConsolidateConditional" time="0.001"/>
  <testcase name="testMonthsDisabledCondition" classname="com.agualis.refactoring.duplicatedcode.TestConsolidateConditional" time="0.0"/>
  <testcase name="testVacationCondition" classname="com.agualis.refactoring.duplicatedcode.TestConsolidateConditional" time="0.0"/>
  <system-out><![CDATA[]]></system-out>
  <system-err><![CDATA[]]></system-err>
</testsuite>
